[0m14:39:35.527599 [debug] [MainThread]: Sending event: {'category': 'dbt', 'action': 'invocation', 'label': 'start', 'context': [<snowplow_tracker.self_describing_json.SelfDescribingJson object at 0x74769b3db6e0>, <snowplow_tracker.self_describing_json.SelfDescribingJson object at 0x74769abf7650>, <snowplow_tracker.self_describing_json.SelfDescribingJson object at 0x74769b3d8470>]}


============================== 14:39:35.536497 | 8e1f1aa6-1bd3-4c60-9a55-24f97ca6c130 ==============================
[0m14:39:35.536497 [info ] [MainThread]: Running with dbt=1.9.0
[0m14:39:35.537058 [debug] [MainThread]: running dbt with arguments {'printer_width': '80', 'indirect_selection': 'eager', 'write_json': 'True', 'log_cache_events': 'False', 'partial_parse': 'True', 'cache_selected_only': 'False', 'warn_error': 'None', 'fail_fast': 'False', 'debug': 'False', 'log_path': 'logs', 'profiles_dir': '/root/.dbt', 'version_check': 'True', 'use_colors': 'True', 'use_experimental_parser': 'False', 'empty': 'None', 'quiet': 'False', 'no_print': 'None', 'log_format': 'default', 'static_parser': 'True', 'warn_error_options': 'WarnErrorOptions(include=[], exclude=[])', 'invocation_command': 'dbt init my_project', 'target_path': 'None', 'introspect': 'True', 'send_anonymous_usage_stats': 'True'}
[0m14:39:35.585112 [warn ] [MainThread]: [ConfigFolderDirectory]: Unable to parse logging event dictionary. Failed to parse dir field: expected string or bytes-like object, got 'PosixPath'.. Dictionary: {'dir': PosixPath('/root/.dbt')}
[0m14:39:35.585734 [info ] [MainThread]: Creating dbt configuration folder at 
[0m14:39:35.587602 [debug] [MainThread]: Starter project path: /usr/local/lib/python3.12/site-packages/dbt/include/starter_project
[0m14:39:35.593889 [info ] [MainThread]: 
Your new dbt project "my_project" was created!

For more information on how to configure the profiles.yml file,
please consult the dbt documentation here:

  https://docs.getdbt.com/docs/configure-your-profile

One more thing:

Need help? Don't hesitate to reach out to us via GitHub issues or on Slack:

  https://community.getdbt.com/

Happy modeling!

[0m14:39:35.594401 [info ] [MainThread]: Setting up your profile.
[0m14:40:47.001745 [info ] [MainThread]: Profile my_project written to /root/.dbt/profiles.yml using target's profile_template.yml and your supplied values. Run 'dbt debug' to validate the connection.
[0m14:40:47.003229 [debug] [MainThread]: Resource report: {"command_name": "init", "command_success": true, "command_wall_clock_time": 66.38762, "process_in_blocks": "0", "process_kernel_time": 0.326812, "process_mem_max_rss": "92928", "process_out_blocks": "1544", "process_user_time": 1.558849}
[0m14:40:47.003744 [debug] [MainThread]: Command `dbt init` succeeded at 14:40:47.003644 after 66.39 seconds
[0m14:40:47.004075 [debug] [MainThread]: Sending event: {'category': 'dbt', 'action': 'invocation', 'label': 'end', 'context': [<snowplow_tracker.self_describing_json.SelfDescribingJson object at 0x74769ad47c80>, <snowplow_tracker.self_describing_json.SelfDescribingJson object at 0x74769ab66f00>, <snowplow_tracker.self_describing_json.SelfDescribingJson object at 0x74769abf7650>]}
[0m14:40:47.004500 [debug] [MainThread]: Flushing usage events
[0m14:40:47.510016 [debug] [MainThread]: An error was encountered while trying to flush usage events
